        -:    0:Source:main.cpp
        -:    1:/*PROJECT: DNS resolver RFC 1035 (resolver,message)
        -:    2: *AUTHOR : AKSHAY RATHI,VIVEK SINGH,RAJANARASIMHA REDDY, SUBHAN SHAIK, RAVI
        -:    3: *VERSION: 1.0
        -:    4: *DATE   : 29'MAY 2022
        -:    5: */
        -:    6:
        -:    7:#include <unistd.h>
        -:    8:#include <iostream>
        -:    9:#include <stdlib.h>
        -:   10:#include <map>
        -:   11:#include <vector>
        -:   12:#include <iterator>
        -:   13:#include <sys/socket.h>
        -:   14:#include <netdb.h>
        -:   15:#include <netinet/in.h>
        -:   16:#include <string.h>
        -:   17:#include<arpa/inet.h>
        -:   18:#include "DNS.h"
        -:   19:using namespace std;
        -:   20:/*DESCRIPTION: By using socket client and server communicating with nameserver and the foreign server for IP address.
        -:   21: * INPUT     : Hostname. example: google.com
        -:   22: * OUTPUT    : Sucessfull
        -:   23: */
        -:   24://Type of DNS resources records
        -:   25:#define T_A 1      //IPV4 address
        -:   26:#define T_NS 2     //Nameserver
        -:   27:#define T_CNAME 5  //Canonical name
        -:   28:#define T_SOA 6    //start of authority zone
        -:   29:#define T_PTR 12   //domain name pointer
        -:   30:#define T_MX 15    //mail server
        -:   31:/*
        -:   32: * Main Function
        -:   33: */
        2:   34:int main(int argc, char *argv[]) {
        2:   35:	DNS dns;                   //creating class object
        -:   36:	unsigned char hostname[100];
        2:   37:	cout<<"Enter Host name : ";
        2:   38:	cin>>hostname;
        2:   39:	dns.get_dns_servers();     //calling function to connect with the foreign server
        2:   40:    dns.ngethostbyname(hostname , T_A);   //sending query by calling this function
        2:   41:    dns.IPfromnameserver();
        2:   42:    return 0;
        -:   43:}
